  pch.cpp
D:\YeonSungRok\SGA서울게임아카데미\Local_Study\Battle_ReTry\Battle\Battle\Battle\Types.h(3,8): warning C4099: 'AggroInfo': 처음에는 'class'을(를) 사용하여 형식 이름을 표시했는데 이제는 'struct'을(를) 사용하여 표시합니다.
  (소스 파일 'pch.cpp'을(를) 컴파일하는 중)
  D:\YeonSungRok\SGA서울게임아카데미\Local_Study\Battle_ReTry\Battle\Battle\Battle\Types.h(3,8):
  'AggroInfo' 선언을 참조하십시오.
  
  AggroSystem.cpp
D:\YeonSungRok\SGA서울게임아카데미\Local_Study\Battle_ReTry\Battle\Battle\Battle\Contents\BattleSystem\AggroSystem.cpp(53,27): warning C4267: '=': 'size_t'에서 'int'(으)로 변환하면서 데이터가 손실될 수 있습니다.
  (소스 파일 '/Contents/BattleSystem/AggroSystem.cpp'을(를) 컴파일하는 중)
  
  Archer.cpp
D:\YeonSungRok\SGA서울게임아카데미\Local_Study\Battle_ReTry\Battle\Battle\Battle\Contents\Creature\Archer.cpp(24,26): warning C4244: '인수': 'float'에서 'int'(으)로 변환하면서 데이터가 손실될 수 있습니다.
  (소스 파일 '/Contents/Creature/Archer.cpp'을(를) 컴파일하는 중)
  
  Creature.cpp
  Knight.cpp
  Goblin.cpp
  Mage.cpp
  HobGoblin.cpp
  main.cpp
  Monster.cpp
  Player.cpp
D:\YeonSungRok\SGA서울게임아카데미\Local_Study\Battle_ReTry\Battle\Battle\Battle\Contents\Creature\Player.cpp(45,18): warning C4244: '+=': 'float'에서 'int'(으)로 변환하면서 데이터가 손실될 수 있습니다.
  (소스 파일 '/Contents/Creature/Player.cpp'을(를) 컴파일하는 중)
  
D:\YeonSungRok\SGA서울게임아카데미\Local_Study\Battle_ReTry\Battle\Battle\Battle\Contents\Creature\Player.cpp(46,14): warning C4244: '+=': 'float'에서 'int'(으)로 변환하면서 데이터가 손실될 수 있습니다.
  (소스 파일 '/Contents/Creature/Player.cpp'을(를) 컴파일하는 중)
  
  World_1.cpp
C:\Program Files\Microsoft Visual Studio\2022\Community\VC\Tools\MSVC\14.39.33519\include\xutility(255,61): error C2661: 'Goblin::Goblin': 오버로드된 함수에서 3개의 인수를 사용하지 않습니다.
  (소스 파일 '/Contents/World/World_1.cpp'을(를) 컴파일하는 중)
  C:\Program Files\Microsoft Visual Studio\2022\Community\VC\Tools\MSVC\14.39.33519\include\xutility(255,61):
  인수 목록 '(_Ty, _Ty, _Ty)'을(를) 일치시키는 동안
          with
          [
              _Ty=std::basic_string<char,std::char_traits<char>,std::allocator<char>>
          ]
          and
          [
              _Ty=int
          ]
          and
          [
              _Ty=int
          ]
  C:\Program Files\Microsoft Visual Studio\2022\Community\VC\Tools\MSVC\14.39.33519\include\xutility(255,61):
  템플릿 인스턴스화 컨텍스트(가장 오래된 인스턴스화 컨텍스트)가
  	D:\YeonSungRok\SGA서울게임아카데미\Local_Study\Battle_ReTry\Battle\Battle\Battle\Contents\World\World_1.cpp(21,13):
  	컴파일되는 함수 템플릿 인스턴스화 'std::shared_ptr<Goblin> std::make_shared<Goblin,std::basic_string<char,std::char_traits<char>,std::allocator<char>>,int,int>(std::basic_string<char,std::char_traits<char>,std::allocator<char>> &&,int &&,int &&)'에 대한 참조를 확인하세요.
  	C:\Program Files\Microsoft Visual Studio\2022\Community\VC\Tools\MSVC\14.39.33519\include\memory(2738,46):
  	컴파일되는 함수 템플릿 인스턴스화 'std::_Ref_count_obj2<Goblin>::_Ref_count_obj2<_Ty,int,int>(_Ty &&,int &&,int &&)'에 대한 참조를 확인하세요.
          with
          [
              _Ty=std::basic_string<char,std::char_traits<char>,std::allocator<char>>
          ]
  	C:\Program Files\Microsoft Visual Studio\2022\Community\VC\Tools\MSVC\14.39.33519\include\memory(2062,18):
  	컴파일되는 함수 템플릿 인스턴스화 'void std::_Construct_in_place<_Ty,std::basic_string<char,std::char_traits<char>,std::allocator<char>>,int,int>(_Ty &,std::basic_string<char,std::char_traits<char>,std::allocator<char>> &&,int &&,int &&) noexcept(false)'에 대한 참조를 확인하세요.
          with
          [
              _Ty=Goblin
          ]
  
  코드를 생성하고 있습니다...
